{
  "Cucumber Features": {
    "coverage": {
      "/home/codio/workspace/app/models/course.rb": {
        "lines": [
          1,
          null
        ]
      },
      "/home/codio/workspace/app/models/user.rb": {
        "lines": [
          1,
          null,
          1,
          1,
          1,
          1,
          null,
          null,
          null,
          null,
          null,
          null,
          null,
          null,
          null,
          null,
          null,
          null,
          null,
          null,
          null,
          null,
          null,
          null,
          null,
          null,
          null,
          null,
          null,
          null,
          null,
          null,
          null,
          null,
          null,
          null,
          null,
          null,
          null,
          null,
          null,
          null,
          null,
          null,
          null,
          null,
          null,
          null,
          null,
          null,
          null,
          null,
          null,
          null,
          null,
          null,
          null,
          null,
          null,
          null,
          null,
          null,
          null,
          null,
          null,
          null,
          null,
          null,
          null,
          null,
          null,
          null,
          null,
          null,
          null,
          null,
          null,
          null,
          null,
          null,
          null,
          null,
          null,
          null
        ]
      },
      "/home/codio/workspace/app/models/course_enrollment.rb": {
        "lines": [
          1,
          null,
          null
        ]
      },
      "/home/codio/workspace/app/controllers/courses_controller.rb": {
        "lines": [
          1,
          null,
          1,
          0,
          0,
          null,
          null,
          null,
          1,
          7,
          2,
          null,
          5,
          null,
          null,
          null,
          1,
          null,
          null,
          null,
          1,
          0,
          0,
          0,
          null,
          null,
          1,
          0,
          null,
          null,
          1,
          0,
          0,
          0,
          0,
          null,
          null,
          null,
          null,
          null,
          null,
          null,
          null,
          null,
          1,
          null,
          null,
          1,
          0,
          null,
          null,
          null,
          null,
          null,
          null,
          null,
          null,
          null,
          null,
          null,
          null
        ]
      },
      "/home/codio/workspace/app/controllers/application_controller.rb": {
        "lines": [
          1,
          null,
          null,
          null,
          null,
          null,
          null,
          null,
          null,
          null,
          null,
          null,
          null,
          null,
          null,
          null
        ]
      },
      "/home/codio/workspace/app/helpers/application_helper.rb": {
        "lines": [
          1,
          null
        ]
      },
      "/home/codio/workspace/app/helpers/courses_helper.rb": {
        "lines": [
          1,
          null
        ]
      },
      "/home/codio/workspace/app/helpers/profiles_helper.rb": {
        "lines": [
          1,
          null
        ]
      },
      "/home/codio/workspace/app/controllers/sessions_controller.rb": {
        "lines": [
          1,
          null,
          1,
          null,
          null,
          1,
          3,
          3,
          2,
          2,
          null,
          null,
          1,
          1,
          null,
          null,
          null,
          1,
          0,
          0,
          null,
          null,
          null
        ]
      },
      "/home/codio/workspace/app/controllers/registrations_controller.rb": {
        "lines": [
          1,
          null,
          1,
          1,
          null,
          null,
          1,
          1,
          1,
          1,
          1,
          null,
          null,
          0,
          null,
          null,
          null,
          1,
          1,
          1,
          null,
          null,
          null
        ]
      },
      "/home/codio/workspace/app/controllers/profiles_controller.rb": {
        "lines": [
          1,
          1,
          1,
          1,
          1,
          null,
          0,
          null,
          null,
          null
        ]
      },
      "/home/codio/workspace/app/controllers/user_controller.rb": {
        "lines": [
          0,
          null,
          null,
          0,
          0,
          0,
          0,
          0,
          null,
          null,
          null,
          null,
          null,
          null,
          null,
          null,
          null,
          null,
          null,
          0
        ],
        "branches": {
        }
      }
    },
    "timestamp": 1701455981
  },
  "RSpec": {
    "coverage": {
      "/home/codio/workspace/app/helpers/application_helper.rb": {
        "lines": [
          1,
          null
        ]
      },
      "/home/codio/workspace/app/helpers/courses_helper.rb": {
        "lines": [
          1,
          null
        ]
      },
      "/home/codio/workspace/app/helpers/profiles_helper.rb": {
        "lines": [
          1,
          null
        ]
      },
      "/home/codio/workspace/app/controllers/courses_controller.rb": {
        "lines": [
          1,
          null,
          1,
          0,
          0,
          null,
          null,
          null,
          1,
          1,
          0,
          null,
          1,
          null,
          null,
          null,
          1,
          null,
          null,
          null,
          1,
          1,
          1,
          1,
          null,
          null,
          1,
          0,
          null,
          null,
          1,
          1,
          1,
          1,
          1,
          null,
          null,
          null,
          null,
          null,
          null,
          null,
          null,
          null,
          1,
          null,
          null,
          1,
          2,
          null,
          null,
          null,
          null,
          null,
          null,
          null,
          null,
          null,
          null,
          null,
          null
        ]
      },
      "/home/codio/workspace/app/controllers/application_controller.rb": {
        "lines": [
          1,
          null,
          null,
          null,
          null,
          null,
          null,
          null,
          null,
          null,
          null,
          null,
          null,
          null,
          null,
          null
        ]
      },
      "/home/codio/workspace/app/controllers/profiles_controller.rb": {
        "lines": [
          1,
          1,
          4,
          3,
          3,
          null,
          1,
          null,
          null,
          null
        ]
      },
      "/home/codio/workspace/app/controllers/registrations_controller.rb": {
        "lines": [
          1,
          null,
          1,
          2,
          null,
          null,
          1,
          2,
          2,
          2,
          2,
          null,
          null,
          0,
          null,
          null,
          null,
          1,
          1,
          2,
          null,
          null,
          null
        ]
      },
      "/home/codio/workspace/app/controllers/sessions_controller.rb": {
        "lines": [
          1,
          null,
          1,
          null,
          null,
          1,
          4,
          4,
          2,
          2,
          null,
          null,
          2,
          2,
          null,
          null,
          null,
          1,
          2,
          2,
          null,
          null,
          null
        ]
      },
      "/home/codio/workspace/app/controllers/user_controller.rb": {
        "lines": [
          1,
          null,
          null,
          1,
          2,
          1,
          null,
          null,
          null,
          null,
          null,
          null,
          null,
          null,
          null,
          null,
          null,
          null,
          null,
          null
        ]
      },
      "/home/codio/workspace/app/models/course.rb": {
        "lines": [
          1,
          null
        ]
      },
      "/home/codio/workspace/app/models/user.rb": {
        "lines": [
          1,
          null,
          1,
          1,
          1,
          1,
          null,
          null,
          null,
          null,
          null,
          null,
          null,
          null,
          null,
          null,
          null,
          null,
          null,
          null,
          null,
          null,
          null,
          null,
          null,
          null,
          null,
          null,
          null,
          null,
          null,
          null,
          null,
          null,
          null,
          null,
          null,
          null,
          null,
          null,
          null,
          null,
          null,
          null,
          null,
          null,
          null,
          null,
          null,
          null,
          null,
          null,
          null,
          null,
          null,
          null,
          null,
          null,
          null,
          null,
          null,
          null,
          null,
          null,
          null,
          null,
          null,
          null,
          null,
          null,
          null,
          null,
          null,
          null,
          null,
          null,
          null,
          null,
          null,
          null,
          null,
          null,
          null,
          null
        ]
      },
      "/home/codio/workspace/app/models/course_enrollment.rb": {
        "lines": [
          1,
          null,
          null
        ]
      }
    },
    "timestamp": 1701455928
  }
}
